<?xml version="1.0" encoding="UTF-8"?>
<!-- Generated by org.testng.reporters.JUnitReportReporter -->
<testsuite skipped="0" hostname="DESKTOP-9PGB7JV" name="Org.Luxsh.TestngDemo.TC7Hobbies" tests="4" failures="0" timestamp="2020-11-19T20:08:56 IST" time="68.966" errors="0">
  <testcase name="TC4" time="13.534" classname="Org.Luxsh.TestngDemo.TC7Hobbies"/>
  <system-out>
TC4  </system-out>
  <testcase name="TC3" time="15.878" classname="Org.Luxsh.TestngDemo.TC7Hobbies"/>
  <system-out>
TC3  </system-out>
  <testcase name="TC2" time="23.354" classname="Org.Luxsh.TestngDemo.TC7Hobbies"/>
  <system-out>
TC2  </system-out>
  <testcase name="TC1" time="16.200" classname="Org.Luxsh.TestngDemo.TC7Hobbies"/>
  <system-out>
TC1  </system-out>
</testsuite> <!-- Org.Luxsh.TestngDemo.TC7Hobbies -->
