<?xml version="1.0" encoding="UTF-8"?>
<!-- Generated by org.testng.reporters.JUnitReportReporter -->
<testsuite skipped="0" hostname="DESKTOP-9PGB7JV" name="Org.Luxsh.TestngDemo.TC4Gender" tests="3" failures="0" timestamp="2020-11-19T19:55:45 IST" time="47.074" errors="0">
  <testcase name="TC2" time="13.055" classname="Org.Luxsh.TestngDemo.TC4Gender"/>
  <system-out>
TC2  </system-out>
  <testcase name="TC1" time="20.823" classname="Org.Luxsh.TestngDemo.TC4Gender"/>
  <system-out>
TC1  </system-out>
  <testcase name="TC3" time="13.196" classname="Org.Luxsh.TestngDemo.TC4Gender"/>
  <system-out>
TC3  </system-out>
</testsuite> <!-- Org.Luxsh.TestngDemo.TC4Gender -->
