<?xml version="1.0" encoding="UTF-8"?>
<!-- Generated by org.testng.reporters.JUnitReportReporter -->
<testsuite skipped="0" hostname="DESKTOP-9PGB7JV" name="Org.Luxsh.TestngDemo.TC3Email" tests="5" failures="0" timestamp="2020-11-19T14:27:24 IST" time="84.398" errors="0">
  <testcase name="TC2" time="16.298" classname="Org.Luxsh.TestngDemo.TC3Email"/>
  <system-out>
TC2  </system-out>
  <testcase name="TC4" time="16.524" classname="Org.Luxsh.TestngDemo.TC3Email"/>
  <system-out>
TC4  </system-out>
  <testcase name="TC5" time="15.028" classname="Org.Luxsh.TestngDemo.TC3Email"/>
  <system-out>
TC5  </system-out>
  <testcase name="TC3" time="20.784" classname="Org.Luxsh.TestngDemo.TC3Email"/>
  <system-out>
TC3  </system-out>
  <testcase name="TC1" time="15.764" classname="Org.Luxsh.TestngDemo.TC3Email"/>
  <system-out>
TC1  </system-out>
</testsuite> <!-- Org.Luxsh.TestngDemo.TC3Email -->
