<?xml version="1.0" encoding="UTF-8"?>
<!-- Generated by org.testng.reporters.JUnitReportReporter -->
<testsuite skipped="0" hostname="DESKTOP-9PGB7JV" name="Org.Luxsh.TestngDemo.Name" tests="5" failures="0" timestamp="2020-11-19T13:38:03 IST" time="66.465" errors="0">
  <testcase name="TC2" time="13.389" classname="Org.Luxsh.TestngDemo.Name"/>
  <system-out>
TC2  </system-out>
  <testcase name="TC5" time="14.722" classname="Org.Luxsh.TestngDemo.Name"/>
  <system-out>
TC5  </system-out>
  <testcase name="TC1" time="12.543" classname="Org.Luxsh.TestngDemo.Name"/>
  <system-out>
TC1  </system-out>
  <testcase name="TC3" time="12.978" classname="Org.Luxsh.TestngDemo.Name"/>
  <system-out>
TC3  </system-out>
  <testcase name="TC4" time="12.833" classname="Org.Luxsh.TestngDemo.Name"/>
  <system-out>
TC4  </system-out>
</testsuite> <!-- Org.Luxsh.TestngDemo.Name -->
