<?xml version="1.0" encoding="UTF-8"?>
<!-- Generated by org.testng.reporters.JUnitReportReporter -->
<testsuite skipped="0" hostname="DESKTOP-9PGB7JV" name="Org.Luxsh.TestngDemo.TC5MobileNo" tests="5" failures="0" timestamp="2020-11-19T19:53:34 IST" time="91.878" errors="0">
  <testcase name="TC2" time="14.419" classname="Org.Luxsh.TestngDemo.TC5MobileNo"/>
  <system-out>
TC2  </system-out>
  <testcase name="TC5" time="32.259" classname="Org.Luxsh.TestngDemo.TC5MobileNo"/>
  <system-out>
TC5  </system-out>
  <testcase name="TC1" time="12.745" classname="Org.Luxsh.TestngDemo.TC5MobileNo"/>
  <system-out>
TC1  </system-out>
  <testcase name="TC3" time="19.080" classname="Org.Luxsh.TestngDemo.TC5MobileNo"/>
  <system-out>
TC3  </system-out>
  <testcase name="TC4" time="13.375" classname="Org.Luxsh.TestngDemo.TC5MobileNo"/>
  <system-out>
TC4  </system-out>
</testsuite> <!-- Org.Luxsh.TestngDemo.TC5MobileNo -->
