<?xml version="1.0" encoding="UTF-8"?>
<!-- Generated by org.testng.reporters.JUnitReportReporter -->
<testsuite skipped="0" hostname="DESKTOP-9PGB7JV" name="Org.Luxsh.TestngDemo.TC8CurrentAddress" tests="1" failures="0" timestamp="2020-11-19T23:18:47 IST" time="17.511" errors="0">
  <testcase name="TC1" time="17.511" classname="Org.Luxsh.TestngDemo.TC8CurrentAddress"/>
  <system-out>
TC1  </system-out>
</testsuite> <!-- Org.Luxsh.TestngDemo.TC8CurrentAddress -->
